<?xml version="1.0" encoding="UTF-8"?>
<testsuite xmlns:xsi="http://www.w3.org/2001/XMLSchema-instance" xsi:noNamespaceSchemaLocation="https://maven.apache.org/surefire/maven-surefire-plugin/xsd/surefire-test-report.xsd" name="com.hzk.gulimall.search.GulimallSearchApplicationTests" time="27.058" tests="4" errors="0" skipped="0" failures="0">
  <properties>
[...]
</properties>
  <testcase name="indexData" classname="com.hzk.gulimall.search.GulimallSearchApplicationTests" time="0.518"/>
  <testcase name="t1" classname="com.hzk.gulimall.search.GulimallSearchApplicationTests" time="0.004"/>
  <testcase name="contextLoads" classname="com.hzk.gulimall.search.GulimallSearchApplicationTests" time="0.004"/>
  <testcase name="searchIndexData" classname="com.hzk.gulimall.search.GulimallSearchApplicationTests" time="0.196"/>
</testsuite>